C51 COMPILER V9.60.0.0   RETARGETIO                                                        09/10/2021 08:59:35 PAGE 1   


C51 COMPILER V9.60.0.0, COMPILATION OF MODULE RETARGETIO
OBJECT MODULE PLACED IN .\lib\bsp\efm8_retargetserial\retargetio.OBJ
COMPILER INVOKED BY: C:\SiliconLabs\SimplicityStudio\v5\developer\toolchains\keil_8051\9.60\BIN\C51.exe C:\Users\Ben\Doc
                    -uments\Git\wireless_measurements\software\firmware\EFM8_SWM\lib\bsp\efm8_retargetserial\retargetio.c OMF2 SMALL DEBUG OB
                    -JECTEXTEND ROM(LARGE) WARNINGLEVEL(2) FLOATFUZZY(3) OPTIMIZE(0,SPEED) DEFINE(DEBUG=1) INTVECTOR(0X0000) INTPROMOTE INCDI
                    -R(C:\Users\Ben\Documents\Git\wireless_measurements\software\firmware\EFM8_SWM\inc;C:/SiliconLabs/SimplicityStudio/v5/dev
                    -eloper/sdks/8051/v4.2.1//kits/common/drivers/efm8_retargetserial;C:/SiliconLabs/SimplicityStudio/v5/developer/sdks/8051/
                    -v4.2.1//Device/shared/si8051Base;C:/SiliconLabs/SimplicityStudio/v5/developer/sdks/8051/v4.2.1//Device/EFM8LB1/inc) PRIN
                    -T(.\lib\bsp\efm8_retargetserial\retargetio.lst) COND PAGEWIDTH(120) PAGELENGTH(65) OBJECT(.\lib\bsp\efm8_retargetserial\
                    -retargetio.OBJ)

line level    source

   1          /////////////////////////////////////////////////////////////////////////////
   2          // retargetio.c
   3          /////////////////////////////////////////////////////////////////////////////
   4          
   5          #if defined __C51__
   6          
   7          extern char RETARGET_ReadChar(void);
   8          extern char RETARGET_WriteChar(char c);
   9          
  10          char _getkey ()  {
  11   1        return(RETARGET_ReadChar());
  12   1      }
  13          
  14          char putchar (char c)
  15          {
  16   1        return(RETARGET_WriteChar(c));
  17   1      }
  18          
  19          #elif defined __ICC8051__
              
              extern int RETARGET_ReadChar(void);
              extern int RETARGET_WriteChar(int c);
              
              int getchar(void){
                return(RETARGET_ReadChar());
              }
              
              int putchar(int c)
              {
                return(RETARGET_WriteChar(c));
              }
              
              #endif


MODULE INFORMATION:   STATIC OVERLAYABLE
   CODE SIZE        =     12    ----
   CONSTANT SIZE    =   ----    ----
   XDATA SIZE       =   ----    ----
   PDATA SIZE       =   ----    ----
   DATA SIZE        =      1    ----
   IDATA SIZE       =   ----    ----
   BIT SIZE         =   ----    ----
   EDATA SIZE       =   ----    ----
   HDATA SIZE       =   ----    ----
   XDATA CONST SIZE =   ----    ----
   FAR CONST SIZE   =   ----    ----
END OF MODULE INFORMATION.


C51 COMPILATION COMPLETE.  0 WARNING(S),  0 ERROR(S)
